# JRE version: OpenJDK Runtime Environment Corretto-18.0.2.9.1 (18.0.2+9) (build 18.0.2+9-FR)
# Java VM: OpenJDK 64-Bit Server VM Corretto-18.0.2.9.1 (18.0.2+9-FR, mixed mode, sharing, tiered, compressed oops, compressed class ptrs, g1 gc, windows-amd64)
GC Precious Log:
 CardTable entry size: 512
 Card Set container configuration: InlinePtr #cards 5 size 8 Array Of Cards #cards 12 size 40 Howl #buckets 4 coarsen threshold 1843 Howl Bitmap #cards 512 size 80 coarsen threshold 460 Card regions per heap region 1 cards per card region 2048
 CPUs: 4 total, 4 available
 Memory: 12226M
 Large Page Support: Disabled
 NUMA Support: Disabled
 Compressed Oops: Enabled (32-bit)
 Heap Region Size: 1M
 Heap Min Capacity: 8M
 Heap Initial Capacity: 192M
 Heap Max Capacity: 2G
 Pre-touch: Disabled
 Parallel Workers: 4
 Concurrent Workers: 1
 Concurrent Refinement Workers: 4
 Periodic GC: Disabled
Heap:
 garbage-first heap   total 208896K, used 160609K [0x0000000080000000, 0x0000000100000000)
  region size 1024K, 7 young (7168K), 3 survivors (3072K)
 Metaspace       used 64814K, committed 66752K, reserved 1114112K
  class space    used 9123K, committed 10112K, reserved 1048576K
GC Heap History (20 events):
Event: 3.104 GC heap before
{Heap before GC invocations=6 (full 0):
 garbage-first heap   total 188416K, used 63303K [0x0000000080000000, 0x0000000100000000)
  region size 1024K, 9 young (9216K), 8 survivors (8192K)
 Metaspace       used 32900K, committed 34112K, reserved 1114112K
  class space    used 4691K, committed 5312K, reserved 1048576K
}
Event: 3.109 GC heap after
{Heap after GC invocations=7 (full 0):
 garbage-first heap   total 188416K, used 62059K [0x0000000080000000, 0x0000000100000000)
  region size 1024K, 1 young (1024K), 1 survivors (1024K)
 Metaspace       used 32900K, committed 34112K, reserved 1114112K
  class space    used 4691K, committed 5312K, reserved 1048576K
}
Event: 3.247 GC heap before
{Heap before GC invocations=7 (full 0):
 garbage-first heap   total 188416K, used 76395K [0x0000000080000000, 0x0000000100000000)
  region size 1024K, 14 young (14336K), 1 survivors (1024K)
 Metaspace       used 34835K, committed 36096K, reserved 1114112K
  class space    used 4848K, committed 5504K, reserved 1048576K
}
Event: 3.249 GC heap after
{Heap after GC invocations=8 (full 0):
 garbage-first heap   total 188416K, used 62695K [0x0000000080000000, 0x0000000100000000)
  region size 1024K, 2 young (2048K), 2 survivors (2048K)
 Metaspace       used 34835K, committed 36096K, reserved 1114112K
  class space    used 4848K, committed 5504K, reserved 1048576K
}
Event: 4.100 GC heap before
{Heap before GC invocations=9 (full 0):
 garbage-first heap   total 188416K, used 144615K [0x0000000080000000, 0x0000000100000000)
  region size 1024K, 62 young (63488K), 2 survivors (2048K)
 Metaspace       used 41295K, committed 42752K, reserved 1114112K
  class space    used 5730K, committed 6464K, reserved 1048576K
}
Event: 4.106 GC heap after
{Heap after GC invocations=10 (full 0):
 garbage-first heap   total 188416K, used 91037K [0x0000000080000000, 0x0000000100000000)
  region size 1024K, 10 young (10240K), 10 survivors (10240K)
 Metaspace       used 41295K, committed 42752K, reserved 1114112K
  class space    used 5730K, committed 6464K, reserved 1048576K
}
Event: 4.796 GC heap before
{Heap before GC invocations=10 (full 0):
 garbage-first heap   total 188416K, used 151453K [0x0000000080000000, 0x0000000100000000)
  region size 1024K, 64 young (65536K), 10 survivors (10240K)
 Metaspace       used 47907K, committed 49728K, reserved 1114112K
  class space    used 6809K, committed 7744K, reserved 1048576K
}
Event: 4.804 GC heap after
{Heap after GC invocations=11 (full 0):
 garbage-first heap   total 188416K, used 100476K [0x0000000080000000, 0x0000000100000000)
  region size 1024K, 5 young (5120K), 5 survivors (5120K)
 Metaspace       used 47907K, committed 49728K, reserved 1114112K
  class space    used 6809K, committed 7744K, reserved 1048576K
}
Event: 5.211 GC heap before
{Heap before GC invocations=11 (full 0):
 garbage-first heap   total 188416K, used 136316K [0x0000000080000000, 0x0000000100000000)
  region size 1024K, 41 young (41984K), 5 survivors (5120K)
 Metaspace       used 50353K, committed 52224K, reserved 1114112K
  class space    used 7169K, committed 8128K, reserved 1048576K
}
Event: 5.216 GC heap after
{Heap after GC invocations=12 (full 0):
 garbage-first heap   total 188416K, used 104647K [0x0000000080000000, 0x0000000100000000)
  region size 1024K, 5 young (5120K), 5 survivors (5120K)
 Metaspace       used 50353K, committed 52224K, reserved 1114112K
  class space    used 7169K, committed 8128K, reserved 1048576K
}
Event: 5.795 GC heap before
{Heap before GC invocations=13 (full 0):
 garbage-first heap   total 193536K, used 157895K [0x0000000080000000, 0x0000000100000000)
  region size 1024K, 51 young (52224K), 5 survivors (5120K)
 Metaspace       used 55255K, committed 57088K, reserved 1114112K
  class space    used 7822K, committed 8768K, reserved 1048576K
}
Event: 5.800 GC heap after
{Heap after GC invocations=14 (full 0):
 garbage-first heap   total 193536K, used 114888K [0x0000000080000000, 0x0000000100000000)
  region size 1024K, 5 young (5120K), 5 survivors (5120K)
 Metaspace       used 55255K, committed 57088K, reserved 1114112K
  class space    used 7822K, committed 8768K, reserved 1048576K
}
Event: 6.240 GC heap before
{Heap before GC invocations=14 (full 0):
 garbage-first heap   total 193536K, used 158920K [0x0000000080000000, 0x0000000100000000)
  region size 1024K, 48 young (49152K), 5 survivors (5120K)
 Metaspace       used 59335K, committed 61184K, reserved 1114112K
  class space    used 8327K, committed 9280K, reserved 1048576K
}
Event: 6.245 GC heap after
{Heap after GC invocations=15 (full 0):
 garbage-first heap   total 193536K, used 119895K [0x0000000080000000, 0x0000000100000000)
  region size 1024K, 5 young (5120K), 5 survivors (5120K)
 Metaspace       used 59335K, committed 61184K, reserved 1114112K
  class space    used 8327K, committed 9280K, reserved 1048576K
}
Event: 6.725 GC heap before
{Heap before GC invocations=16 (full 0):
 garbage-first heap   total 208896K, used 184407K [0x0000000080000000, 0x0000000100000000)
  region size 1024K, 42 young (43008K), 5 survivors (5120K)
 Metaspace       used 63461K, committed 65408K, reserved 1114112K
  class space    used 8956K, committed 9920K, reserved 1048576K
}
Event: 6.731 GC heap after
{Heap after GC invocations=17 (full 0):
 garbage-first heap   total 208896K, used 154551K [0x0000000080000000, 0x0000000100000000)
  region size 1024K, 6 young (6144K), 6 survivors (6144K)
 Metaspace       used 63461K, committed 65408K, reserved 1114112K
  class space    used 8956K, committed 9920K, reserved 1048576K
}
Event: 6.772 GC heap before
{Heap before GC invocations=17 (full 0):
 garbage-first heap   total 208896K, used 158647K [0x0000000080000000, 0x0000000100000000)
  region size 1024K, 10 young (10240K), 6 survivors (6144K)
 Metaspace       used 63792K, committed 65792K, reserved 1114112K
  class space    used 8995K, committed 9984K, reserved 1048576K
}
Event: 6.774 GC heap after
{Heap after GC invocations=18 (full 0):
 garbage-first heap   total 208896K, used 154387K [0x0000000080000000, 0x0000000100000000)
  region size 1024K, 1 young (1024K), 1 survivors (1024K)
 Metaspace       used 63792K, committed 65792K, reserved 1114112K
  class space    used 8995K, committed 9984K, reserved 1048576K
}
Event: 7.127 GC heap before
{Heap before GC invocations=18 (full 0):
 garbage-first heap   total 208896K, used 176915K [0x0000000080000000, 0x0000000100000000)
  region size 1024K, 23 young (23552K), 1 survivors (1024K)
 Metaspace       used 64749K, committed 66688K, reserved 1114112K
  class space    used 9123K, committed 10112K, reserved 1048576K
}
Event: 7.131 GC heap after
{Heap after GC invocations=19 (full 0):
 garbage-first heap   total 208896K, used 157537K [0x0000000080000000, 0x0000000100000000)
  region size 1024K, 3 young (3072K), 3 survivors (3072K)
 Metaspace       used 64749K, committed 66688K, reserved 1114112K
  class space    used 9123K, committed 10112K, reserved 1048576K
}

